23:40:24 **** Rebuild of configuration Debug for project calculadora ****
Info: Internal Builder is used for build
gcc -O0 -g3 -Wall -c -fmessage-length=0 -o "src\\calculadora.o" "..\\src\\calculadora.c" 
gcc -o calculadora.exe "src\\calculadora.o" 
Info: Nothing to build for calculadora
23:43:06 **** Incremental Build of configuration Debug for project calculadora ****
Info: Internal Builder is used for build
gcc -O0 -g3 -Wall -c -fmessage-length=0 -o "src\\calculadora.o" "..\\src\\calculadora.c" 
gcc -O0 -g3 -Wall -c -fmessage-length=0 -o "src\\funciones.o" "..\\src\\funciones.c" 
gcc -o calculadora.exe "src\\calculadora.o" "src\\funciones.o" 
Info: Nothing to build for calculadora
Info: Nothing to build for calculadora
16:48:10 **** Incremental Build of configuration Debug for project calculadora ****
Info: Internal Builder is used for build
gcc -O0 -g3 -Wall -c -fmessage-length=0 -o "src\\calculadora.o" "..\\src\\calculadora.c" 
gcc -O0 -g3 -Wall -c -fmessage-length=0 -o "src\\funciones.o" "..\\src\\funciones.c" 
gcc -o calculadora.exe "src\\calculadora.o" "src\\funciones.o" 
Info: Nothing to build for calculadora
14:28:06 **** Rebuild of configuration Debug for project calculadora ****
Info: Internal Builder is used for build
gcc -O0 -g3 -Wall -c -fmessage-length=0 -o "src\\calculadora.o" "..\\src\\calculadora.c" 
gcc -O0 -g3 -Wall -c -fmessage-length=0 -o "src\\funciones.o" "..\\src\\funciones.c" 
gcc -o calculadora.exe "src\\calculadora.o" "src\\funciones.o" 
Info: Nothing to build for calculadora
Info: Nothing to build for calculadora
Info: Nothing to build for calculadora
20:07:24 **** Incremental Build of configuration Debug for project calculadora ****
Info: Internal Builder is used for build
gcc -O0 -g3 -Wall -c -fmessage-length=0 -o "src\\funciones.o" "..\\src\\funciones.c" 
gcc -o calculadora.exe "src\\calculadora.o" "src\\funciones.o" 
Info: Nothing to build for calculadora
